{"/Users/epacheco/Desktop/BloomKnights_Project/frontend/src/lib/debt.ts": {"path":"/Users/epacheco/Desktop/BloomKnights_Project/frontend/src/lib/debt.ts","statementMap":{"0":{"start":{"line":11,"column":13},"end":{"line":11,"column":42}},"1":{"start":{"line":15,"column":2},"end":{"line":15,"column":51}},"2":{"start":{"line":14,"column":0},"end":{"line":14,"column":16}},"3":{"start":{"line":20,"column":2},"end":{"line":20,"column":63}},"4":{"start":{"line":19,"column":0},"end":{"line":19,"column":16}},"5":{"start":{"line":27,"column":2},"end":{"line":27,"column":33}},"6":{"start":{"line":23,"column":0},"end":{"line":23,"column":16}},"7":{"start":{"line":50,"column":2},"end":{"line":50,"column":74}},"8":{"start":{"line":50,"column":20},"end":{"line":50,"column":74}},"9":{"start":{"line":51,"column":2},"end":{"line":51,"column":90}},"10":{"start":{"line":51,"column":27},"end":{"line":51,"column":90}},"11":{"start":{"line":53,"column":22},"end":{"line":53,"column":43}},"12":{"start":{"line":54,"column":18},"end":{"line":54,"column":25}},"13":{"start":{"line":55,"column":22},"end":{"line":55,"column":23}},"14":{"start":{"line":56,"column":15},"end":{"line":56,"column":16}},"15":{"start":{"line":58,"column":2},"end":{"line":66,"column":3}},"16":{"start":{"line":59,"column":21},"end":{"line":59,"column":44}},"17":{"start":{"line":60,"column":4},"end":{"line":62,"column":5}},"18":{"start":{"line":61,"column":6},"end":{"line":61,"column":66}},"19":{"start":{"line":63,"column":4},"end":{"line":63,"column":30}},"20":{"start":{"line":64,"column":4},"end":{"line":64,"column":54}},"21":{"start":{"line":65,"column":4},"end":{"line":65,"column":16}},"22":{"start":{"line":68,"column":2},"end":{"line":68,"column":60}},"23":{"start":{"line":44,"column":0},"end":{"line":44,"column":16}},"24":{"start":{"line":73,"column":12},"end":{"line":73,"column":26}},"25":{"start":{"line":74,"column":2},"end":{"line":74,"column":36}},"26":{"start":{"line":75,"column":2},"end":{"line":75,"column":25}},"27":{"start":{"line":72,"column":0},"end":{"line":72,"column":16}},"28":{"start":{"line":83,"column":2},"end":{"line":87,"column":4}},"29":{"start":{"line":82,"column":0},"end":{"line":82,"column":16}},"30":{"start":{"line":100,"column":24},"end":{"line":100,"column":69}},"31":{"start":{"line":100,"column":47},"end":{"line":100,"column":65}},"32":{"start":{"line":101,"column":20},"end":{"line":103,"column":null}},"33":{"start":{"line":102,"column":14},"end":{"line":102,"column":61}},"34":{"start":{"line":105,"column":2},"end":{"line":110,"column":4}},"35":{"start":{"line":99,"column":0},"end":{"line":99,"column":16}},"36":{"start":{"line":115,"column":2},"end":{"line":115,"column":44}},"37":{"start":{"line":115,"column":18},"end":{"line":115,"column":44}},"38":{"start":{"line":116,"column":2},"end":{"line":116,"column":38}},"39":{"start":{"line":116,"column":21},"end":{"line":116,"column":38}},"40":{"start":{"line":117,"column":2},"end":{"line":117,"column":38}},"41":{"start":{"line":117,"column":20},"end":{"line":117,"column":38}},"42":{"start":{"line":118,"column":2},"end":{"line":118,"column":37}},"43":{"start":{"line":118,"column":21},"end":{"line":118,"column":37}},"44":{"start":{"line":119,"column":2},"end":{"line":119,"column":18}},"45":{"start":{"line":114,"column":0},"end":{"line":114,"column":16}}},"fnMap":{"0":{"name":"effectiveApr","decl":{"start":{"line":14,"column":16},"end":{"line":14,"column":28}},"loc":{"start":{"line":14,"column":39},"end":{"line":16,"column":1}}},"1":{"name":"remainingBalance","decl":{"start":{"line":19,"column":16},"end":{"line":19,"column":32}},"loc":{"start":{"line":19,"column":43},"end":{"line":21,"column":1}}},"2":{"name":"isHighInterest","decl":{"start":{"line":23,"column":16},"end":{"line":23,"column":30}},"loc":{"start":{"line":25,"column":45},"end":{"line":28,"column":1}}},"3":{"name":"projectPayoff","decl":{"start":{"line":44,"column":16},"end":{"line":44,"column":29}},"loc":{"start":{"line":48,"column":17},"end":{"line":69,"column":1}}},"4":{"name":"payoffDateFromMonths","decl":{"start":{"line":72,"column":16},"end":{"line":72,"column":36}},"loc":{"start":{"line":72,"column":76},"end":{"line":76,"column":1}}},"5":{"name":"payoffForDebt","decl":{"start":{"line":82,"column":16},"end":{"line":82,"column":29}},"loc":{"start":{"line":82,"column":40},"end":{"line":88,"column":1}}},"6":{"name":"payoffSummary","decl":{"start":{"line":99,"column":16},"end":{"line":99,"column":29}},"loc":{"start":{"line":99,"column":43},"end":{"line":111,"column":1}}},"7":{"name":"(anonymous_7)","decl":{"start":{"line":100,"column":37},"end":{"line":100,"column":38}},"loc":{"start":{"line":100,"column":47},"end":{"line":100,"column":65}}},"8":{"name":"(anonymous_8)","decl":{"start":{"line":102,"column":4},"end":{"line":102,"column":5}},"loc":{"start":{"line":102,"column":14},"end":{"line":102,"column":61}}},"9":{"name":"knightRank","decl":{"start":{"line":114,"column":16},"end":{"line":114,"column":26}},"loc":{"start":{"line":114,"column":40},"end":{"line":120,"column":1}}}},"branchMap":{"0":{"loc":{"start":{"line":15,"column":9},"end":{"line":15,"column":50}},"type":"binary-expr","locations":[{"start":{"line":15,"column":9},"end":{"line":15,"column":24}},{"start":{"line":15,"column":28},"end":{"line":15,"column":45}},{"start":{"line":15,"column":49},"end":{"line":15,"column":50}}]},"1":{"loc":{"start":{"line":25,"column":2},"end":{"line":25,"column":45}},"type":"default-arg","locations":[{"start":{"line":25,"column":22},"end":{"line":25,"column":45}}]},"2":{"loc":{"start":{"line":48,"column":2},"end":{"line":48,"column":17}},"type":"default-arg","locations":[{"start":{"line":48,"column":14},"end":{"line":48,"column":17}}]},"3":{"loc":{"start":{"line":50,"column":2},"end":{"line":50,"column":74}},"type":"if","locations":[{"start":{"line":50,"column":2},"end":{"line":50,"column":74}},{"start":{},"end":{}}]},"4":{"loc":{"start":{"line":51,"column":2},"end":{"line":51,"column":90}},"type":"if","locations":[{"start":{"line":51,"column":2},"end":{"line":51,"column":90}},{"start":{},"end":{}}]},"5":{"loc":{"start":{"line":58,"column":9},"end":{"line":58,"column":44}},"type":"binary-expr","locations":[{"start":{"line":58,"column":9},"end":{"line":58,"column":22}},{"start":{"line":58,"column":26},"end":{"line":58,"column":44}}]},"6":{"loc":{"start":{"line":60,"column":4},"end":{"line":62,"column":5}},"type":"if","locations":[{"start":{"line":60,"column":4},"end":{"line":62,"column":5}},{"start":{},"end":{}}]},"7":{"loc":{"start":{"line":60,"column":8},"end":{"line":60,"column":75}},"type":"binary-expr","locations":[{"start":{"line":60,"column":8},"end":{"line":60,"column":34}},{"start":{"line":60,"column":38},"end":{"line":60,"column":75}}]},"8":{"loc":{"start":{"line":72,"column":53},"end":{"line":72,"column":76}},"type":"default-arg","locations":[{"start":{"line":72,"column":66},"end":{"line":72,"column":76}}]},"9":{"loc":{"start":{"line":109,"column":11},"end":{"line":109,"column":56}},"type":"cond-expr","locations":[{"start":{"line":109,"column":27},"end":{"line":109,"column":52}},{"start":{"line":109,"column":55},"end":{"line":109,"column":56}}]},"10":{"loc":{"start":{"line":115,"column":2},"end":{"line":115,"column":44}},"type":"if","locations":[{"start":{"line":115,"column":2},"end":{"line":115,"column":44}},{"start":{},"end":{}}]},"11":{"loc":{"start":{"line":116,"column":2},"end":{"line":116,"column":38}},"type":"if","locations":[{"start":{"line":116,"column":2},"end":{"line":116,"column":38}},{"start":{},"end":{}}]},"12":{"loc":{"start":{"line":117,"column":2},"end":{"line":117,"column":38}},"type":"if","locations":[{"start":{"line":117,"column":2},"end":{"line":117,"column":38}},{"start":{},"end":{}}]},"13":{"loc":{"start":{"line":118,"column":2},"end":{"line":118,"column":37}},"type":"if","locations":[{"start":{"line":118,"column":2},"end":{"line":118,"column":37}},{"start":{},"end":{}}]}},"s":{"0":1,"1":3,"2":1,"3":3,"4":1,"5":3,"6":1,"7":6,"8":2,"9":4,"10":1,"11":3,"12":3,"13":3,"14":3,"15":3,"16":11,"17":11,"18":1,"19":10,"20":10,"21":10,"22":2,"23":1,"24":1,"25":1,"26":1,"27":1,"28":1,"29":1,"30":3,"31":3,"32":3,"33":3,"34":3,"35":1,"36":5,"37":1,"38":4,"39":1,"40":3,"41":1,"42":2,"43":1,"44":1,"45":1},"f":{"0":3,"1":3,"2":3,"3":6,"4":1,"5":1,"6":3,"7":3,"8":3,"9":5},"b":{"0":[3,2,0],"1":[2],"2":[5],"3":[2,4],"4":[1,3],"5":[13,11],"6":[1,10],"7":[11,1],"8":[0],"9":[2,1],"10":[1,4],"11":[1,3],"12":[1,2],"13":[1,1]}}
,"/Users/epacheco/Desktop/BloomKnights_Project/frontend/src/lib/firebase.ts": {"path":"/Users/epacheco/Desktop/BloomKnights_Project/frontend/src/lib/firebase.ts","statementMap":{"0":{"start":{"line":1,"column":0},"end":{"line":1,"column":62}},"1":{"start":{"line":2,"column":0},"end":{"line":2,"column":40}},"2":{"start":{"line":3,"column":0},"end":{"line":3,"column":50}},"3":{"start":{"line":4,"column":0},"end":{"line":4,"column":50}},"4":{"start":{"line":17,"column":23},"end":{"line":24,"column":2}},"5":{"start":{"line":28,"column":0},"end":{"line":33,"column":1}},"6":{"start":{"line":29,"column":2},"end":{"line":32,"column":4}},"7":{"start":{"line":35,"column":13},"end":{"line":35,"column":79}},"8":{"start":{"line":37,"column":13},"end":{"line":37,"column":33}},"9":{"start":{"line":38,"column":13},"end":{"line":38,"column":36}},"10":{"start":{"line":39,"column":13},"end":{"line":39,"column":43}}},"fnMap":{},"branchMap":{"0":{"loc":{"start":{"line":28,"column":0},"end":{"line":33,"column":1}},"type":"if","locations":[{"start":{"line":28,"column":0},"end":{"line":33,"column":1}},{"start":{},"end":{}}]},"1":{"loc":{"start":{"line":35,"column":19},"end":{"line":35,"column":78}},"type":"cond-expr","locations":[{"start":{"line":35,"column":38},"end":{"line":35,"column":46}},{"start":{"line":35,"column":49},"end":{"line":35,"column":78}}]}},"s":{"0":0,"1":0,"2":0,"3":0,"4":0,"5":0,"6":0,"7":0,"8":0,"9":0,"10":0},"f":{},"b":{"0":[0,0],"1":[0,0]}}
,"/Users/epacheco/Desktop/BloomKnights_Project/frontend/src/lib/firestore.ts": {"path":"/Users/epacheco/Desktop/BloomKnights_Project/frontend/src/lib/firestore.ts","statementMap":{"0":{"start":{"line":1,"column":0},"end":{"line":1,"column":null}},"1":{"start":{"line":14,"column":0},"end":{"line":14,"column":32}},"2":{"start":{"line":30,"column":14},"end":{"line":34,"column":1}},"3":{"start":{"line":31,"column":2},"end":{"line":31,"column":70}},"4":{"start":{"line":31,"column":34},"end":{"line":31,"column":70}},"5":{"start":{"line":32,"column":2},"end":{"line":32,"column":46}},"6":{"start":{"line":32,"column":33},"end":{"line":32,"column":46}},"7":{"start":{"line":33,"column":2},"end":{"line":33,"column":34}},"8":{"start":{"line":39,"column":15},"end":{"line":39,"column":50}},"9":{"start":{"line":40,"column":2},"end":{"line":40,"column":34}},"10":{"start":{"line":40,"column":22},"end":{"line":40,"column":34}},"11":{"start":{"line":41,"column":15},"end":{"line":41,"column":26}},"12":{"start":{"line":42,"column":2},"end":{"line":53,"column":4}},"13":{"start":{"line":38,"column":0},"end":{"line":38,"column":7}},"14":{"start":{"line":57,"column":2},"end":{"line":68,"column":4}},"15":{"start":{"line":56,"column":0},"end":{"line":56,"column":7}},"16":{"start":{"line":74,"column":12},"end":{"line":74,"column":73}},"17":{"start":{"line":75,"column":15},"end":{"line":75,"column":31}},"18":{"start":{"line":76,"column":2},"end":{"line":76,"column":81}},"19":{"start":{"line":76,"column":31},"end":{"line":76,"column":78}},"20":{"start":{"line":73,"column":0},"end":{"line":73,"column":7}},"21":{"start":{"line":80,"column":14},"end":{"line":80,"column":57}},"22":{"start":{"line":81,"column":2},"end":{"line":81,"column":16}},"23":{"start":{"line":79,"column":0},"end":{"line":79,"column":7}},"24":{"start":{"line":88,"column":2},"end":{"line":88,"column":65}},"25":{"start":{"line":84,"column":0},"end":{"line":84,"column":7}},"26":{"start":{"line":94,"column":12},"end":{"line":94,"column":81}},"27":{"start":{"line":95,"column":15},"end":{"line":95,"column":31}},"28":{"start":{"line":96,"column":2},"end":{"line":106,"column":5}},"29":{"start":{"line":97,"column":17},"end":{"line":97,"column":25}},"30":{"start":{"line":98,"column":4},"end":{"line":105,"column":6}},"31":{"start":{"line":93,"column":0},"end":{"line":93,"column":7}},"32":{"start":{"line":112,"column":14},"end":{"line":115,"column":4}},"33":{"start":{"line":116,"column":2},"end":{"line":116,"column":16}},"34":{"start":{"line":109,"column":0},"end":{"line":109,"column":7}},"35":{"start":{"line":124,"column":12},"end":{"line":124,"column":80}},"36":{"start":{"line":125,"column":15},"end":{"line":125,"column":31}},"37":{"start":{"line":126,"column":2},"end":{"line":137,"column":5}},"38":{"start":{"line":127,"column":17},"end":{"line":127,"column":25}},"39":{"start":{"line":128,"column":4},"end":{"line":136,"column":6}},"40":{"start":{"line":121,"column":0},"end":{"line":121,"column":7}},"41":{"start":{"line":143,"column":14},"end":{"line":146,"column":4}},"42":{"start":{"line":147,"column":2},"end":{"line":147,"column":16}},"43":{"start":{"line":140,"column":0},"end":{"line":140,"column":7}},"44":{"start":{"line":158,"column":2},"end":{"line":170,"column":4}},"45":{"start":{"line":174,"column":12},"end":{"line":177,"column":null}},"46":{"start":{"line":179,"column":15},"end":{"line":179,"column":31}},"47":{"start":{"line":180,"column":2},"end":{"line":180,"column":62}},"48":{"start":{"line":180,"column":30},"end":{"line":180,"column":60}},"49":{"start":{"line":173,"column":0},"end":{"line":173,"column":7}},"50":{"start":{"line":184,"column":14},"end":{"line":184,"column":24}},"51":{"start":{"line":185,"column":14},"end":{"line":194,"column":4}},"52":{"start":{"line":195,"column":2},"end":{"line":205,"column":4}},"53":{"start":{"line":183,"column":0},"end":{"line":183,"column":7}}},"fnMap":{"0":{"name":"(anonymous_0)","decl":{"start":{"line":30,"column":14},"end":{"line":30,"column":15}},"loc":{"start":{"line":30,"column":41},"end":{"line":34,"column":1}}},"1":{"name":"fetchUserProfile","decl":{"start":{"line":38,"column":22},"end":{"line":38,"column":38}},"loc":{"start":{"line":38,"column":50},"end":{"line":54,"column":1}}},"2":{"name":"upsertUserProfile","decl":{"start":{"line":56,"column":22},"end":{"line":56,"column":39}},"loc":{"start":{"line":56,"column":60},"end":{"line":69,"column":1}}},"3":{"name":"fetchDebts","decl":{"start":{"line":73,"column":22},"end":{"line":73,"column":32}},"loc":{"start":{"line":73,"column":47},"end":{"line":77,"column":1}}},"4":{"name":"(anonymous_4)","decl":{"start":{"line":76,"column":23},"end":{"line":76,"column":24}},"loc":{"start":{"line":76,"column":31},"end":{"line":76,"column":78}}},"5":{"name":"addDebt","decl":{"start":{"line":79,"column":22},"end":{"line":79,"column":29}},"loc":{"start":{"line":79,"column":52},"end":{"line":82,"column":1}}},"6":{"name":"updateDebtProgress","decl":{"start":{"line":84,"column":22},"end":{"line":84,"column":40}},"loc":{"start":{"line":86,"column":25},"end":{"line":89,"column":1}}},"7":{"name":"fetchSavingsGoals","decl":{"start":{"line":93,"column":22},"end":{"line":93,"column":39}},"loc":{"start":{"line":93,"column":54},"end":{"line":107,"column":1}}},"8":{"name":"(anonymous_8)","decl":{"start":{"line":96,"column":23},"end":{"line":96,"column":24}},"loc":{"start":{"line":96,"column":29},"end":{"line":106,"column":3}}},"9":{"name":"addSavingsGoal","decl":{"start":{"line":109,"column":22},"end":{"line":109,"column":36}},"loc":{"start":{"line":110,"column":31},"end":{"line":117,"column":1}}},"10":{"name":"fetchTransactions","decl":{"start":{"line":121,"column":22},"end":{"line":121,"column":39}},"loc":{"start":{"line":122,"column":16},"end":{"line":138,"column":1}}},"11":{"name":"(anonymous_11)","decl":{"start":{"line":126,"column":23},"end":{"line":126,"column":24}},"loc":{"start":{"line":126,"column":29},"end":{"line":137,"column":3}}},"12":{"name":"addTransaction","decl":{"start":{"line":140,"column":22},"end":{"line":140,"column":36}},"loc":{"start":{"line":141,"column":29},"end":{"line":148,"column":1}}},"13":{"name":"paymentFromDoc","decl":{"start":{"line":157,"column":9},"end":{"line":157,"column":23}},"loc":{"start":{"line":157,"column":65},"end":{"line":171,"column":1}}},"14":{"name":"fetchPayments","decl":{"start":{"line":173,"column":22},"end":{"line":173,"column":35}},"loc":{"start":{"line":173,"column":50},"end":{"line":181,"column":1}}},"15":{"name":"(anonymous_15)","decl":{"start":{"line":180,"column":23},"end":{"line":180,"column":24}},"loc":{"start":{"line":180,"column":30},"end":{"line":180,"column":60}}},"16":{"name":"addPayment","decl":{"start":{"line":183,"column":22},"end":{"line":183,"column":32}},"loc":{"start":{"line":183,"column":52},"end":{"line":206,"column":1}}}},"branchMap":{"0":{"loc":{"start":{"line":31,"column":2},"end":{"line":31,"column":70}},"type":"if","locations":[{"start":{"line":31,"column":2},"end":{"line":31,"column":70}},{"start":{},"end":{}}]},"1":{"loc":{"start":{"line":32,"column":2},"end":{"line":32,"column":46}},"type":"if","locations":[{"start":{"line":32,"column":2},"end":{"line":32,"column":46}},{"start":{},"end":{}}]},"2":{"loc":{"start":{"line":40,"column":2},"end":{"line":40,"column":34}},"type":"if","locations":[{"start":{"line":40,"column":2},"end":{"line":40,"column":34}},{"start":{},"end":{}}]},"3":{"loc":{"start":{"line":47,"column":19},"end":{"line":47,"column":42}},"type":"binary-expr","locations":[{"start":{"line":47,"column":19},"end":{"line":47,"column":37}},{"start":{"line":47,"column":41},"end":{"line":47,"column":42}}]},"4":{"loc":{"start":{"line":48,"column":17},"end":{"line":52,"column":null}},"type":"binary-expr","locations":[{"start":{"line":48,"column":17},"end":{"line":48,"column":33}},{"start":{"line":48,"column":37},"end":{"line":52,"column":null}}]},"5":{"loc":{"start":{"line":190,"column":8},"end":{"line":190,"column":52}},"type":"cond-expr","locations":[{"start":{"line":190,"column":23},"end":{"line":190,"column":47}},{"start":{"line":190,"column":50},"end":{"line":190,"column":52}}]},"6":{"loc":{"start":{"line":191,"column":8},"end":{"line":191,"column":46}},"type":"cond-expr","locations":[{"start":{"line":191,"column":21},"end":{"line":191,"column":41}},{"start":{"line":191,"column":44},"end":{"line":191,"column":46}}]}},"s":{"0":0,"1":0,"2":0,"3":0,"4":0,"5":0,"6":0,"7":0,"8":0,"9":0,"10":0,"11":0,"12":0,"13":0,"14":0,"15":0,"16":0,"17":0,"18":0,"19":0,"20":0,"21":0,"22":0,"23":0,"24":0,"25":0,"26":0,"27":0,"28":0,"29":0,"30":0,"31":0,"32":0,"33":0,"34":0,"35":0,"36":0,"37":0,"38":0,"39":0,"40":0,"41":0,"42":0,"43":0,"44":0,"45":0,"46":0,"47":0,"48":0,"49":0,"50":0,"51":0,"52":0,"53":0},"f":{"0":0,"1":0,"2":0,"3":0,"4":0,"5":0,"6":0,"7":0,"8":0,"9":0,"10":0,"11":0,"12":0,"13":0,"14":0,"15":0,"16":0},"b":{"0":[0,0],"1":[0,0],"2":[0,0],"3":[0,0],"4":[0,0],"5":[0,0],"6":[0,0]}}
,"/Users/epacheco/Desktop/BloomKnights_Project/frontend/src/lib/format.ts": {"path":"/Users/epacheco/Desktop/BloomKnights_Project/frontend/src/lib/format.ts","statementMap":{"0":{"start":{"line":1,"column":24},"end":{"line":6,"column":39}},"1":{"start":{"line":2,"column":2},"end":{"line":6,"column":39}},"2":{"start":{"line":1,"column":13},"end":{"line":1,"column":24}},"3":{"start":{"line":8,"column":23},"end":{"line":8,"column":65}},"4":{"start":{"line":8,"column":46},"end":{"line":8,"column":65}},"5":{"start":{"line":8,"column":13},"end":{"line":8,"column":23}},"6":{"start":{"line":11,"column":21},"end":{"line":14,"column":1}},"7":{"start":{"line":12,"column":2},"end":{"line":12,"column":24}},"8":{"start":{"line":12,"column":15},"end":{"line":12,"column":24}},"9":{"start":{"line":13,"column":2},"end":{"line":13,"column":52}},"10":{"start":{"line":11,"column":13},"end":{"line":11,"column":21}},"11":{"start":{"line":17,"column":25},"end":{"line":25,"column":1}},"12":{"start":{"line":18,"column":12},"end":{"line":18,"column":25}},"13":{"start":{"line":19,"column":2},"end":{"line":19,"column":44}},"14":{"start":{"line":19,"column":33},"end":{"line":19,"column":44}},"15":{"start":{"line":20,"column":2},"end":{"line":24,"column":5}},"16":{"start":{"line":17,"column":13},"end":{"line":17,"column":25}},"17":{"start":{"line":28,"column":27},"end":{"line":35,"column":1}},"18":{"start":{"line":29,"column":2},"end":{"line":29,"column":37}},"19":{"start":{"line":29,"column":19},"end":{"line":29,"column":37}},"20":{"start":{"line":30,"column":12},"end":{"line":30,"column":35}},"21":{"start":{"line":31,"column":12},"end":{"line":31,"column":23}},"22":{"start":{"line":32,"column":2},"end":{"line":32,"column":32}},"23":{"start":{"line":32,"column":15},"end":{"line":32,"column":32}},"24":{"start":{"line":33,"column":2},"end":{"line":33,"column":32}},"25":{"start":{"line":33,"column":15},"end":{"line":33,"column":32}},"26":{"start":{"line":34,"column":2},"end":{"line":34,"column":27}},"27":{"start":{"line":28,"column":13},"end":{"line":28,"column":27}}},"fnMap":{"0":{"name":"(anonymous_0)","decl":{"start":{"line":1,"column":24},"end":{"line":1,"column":25}},"loc":{"start":{"line":2,"column":2},"end":{"line":6,"column":39}}},"1":{"name":"(anonymous_1)","decl":{"start":{"line":8,"column":23},"end":{"line":8,"column":24}},"loc":{"start":{"line":8,"column":46},"end":{"line":8,"column":65}}},"2":{"name":"(anonymous_2)","decl":{"start":{"line":11,"column":21},"end":{"line":11,"column":22}},"loc":{"start":{"line":11,"column":65},"end":{"line":14,"column":1}}},"3":{"name":"(anonymous_3)","decl":{"start":{"line":17,"column":25},"end":{"line":17,"column":26}},"loc":{"start":{"line":17,"column":49},"end":{"line":25,"column":1}}},"4":{"name":"(anonymous_4)","decl":{"start":{"line":28,"column":27},"end":{"line":28,"column":28}},"loc":{"start":{"line":28,"column":54},"end":{"line":35,"column":1}}}},"branchMap":{"0":{"loc":{"start":{"line":6,"column":12},"end":{"line":6,"column":38}},"type":"cond-expr","locations":[{"start":{"line":6,"column":33},"end":{"line":6,"column":34}},{"start":{"line":6,"column":37},"end":{"line":6,"column":38}}]},"1":{"loc":{"start":{"line":12,"column":2},"end":{"line":12,"column":24}},"type":"if","locations":[{"start":{"line":12,"column":2},"end":{"line":12,"column":24}},{"start":{},"end":{}}]},"2":{"loc":{"start":{"line":19,"column":2},"end":{"line":19,"column":44}},"type":"if","locations":[{"start":{"line":19,"column":2},"end":{"line":19,"column":44}},{"start":{},"end":{}}]},"3":{"loc":{"start":{"line":29,"column":2},"end":{"line":29,"column":37}},"type":"if","locations":[{"start":{"line":29,"column":2},"end":{"line":29,"column":37}},{"start":{},"end":{}}]},"4":{"loc":{"start":{"line":32,"column":2},"end":{"line":32,"column":32}},"type":"if","locations":[{"start":{"line":32,"column":2},"end":{"line":32,"column":32}},{"start":{},"end":{}}]},"5":{"loc":{"start":{"line":33,"column":2},"end":{"line":33,"column":32}},"type":"if","locations":[{"start":{"line":33,"column":2},"end":{"line":33,"column":32}},{"start":{},"end":{}}]}},"s":{"0":1,"1":4,"2":1,"3":1,"4":2,"5":1,"6":1,"7":3,"8":1,"9":2,"10":1,"11":1,"12":2,"13":2,"14":1,"15":1,"16":1,"17":1,"18":4,"19":1,"20":3,"21":3,"22":3,"23":1,"24":2,"25":1,"26":1,"27":1},"f":{"0":4,"1":2,"2":3,"3":2,"4":4},"b":{"0":[2,2],"1":[1,2],"2":[1,1],"3":[1,3],"4":[1,2],"5":[1,1]}}
,"/Users/epacheco/Desktop/BloomKnights_Project/frontend/src/store/useAuthStore.ts": {"path":"/Users/epacheco/Desktop/BloomKnights_Project/frontend/src/store/useAuthStore.ts","statementMap":{"0":{"start":{"line":1,"column":0},"end":{"line":1,"column":33}},"1":{"start":{"line":19,"column":13},"end":{"line":25,"column":4}},"2":{"start":{"line":19,"column":56},"end":{"line":25,"column":2}},"3":{"start":{"line":22,"column":21},"end":{"line":22,"column":34}},"4":{"start":{"line":23,"column":27},"end":{"line":23,"column":43}},"5":{"start":{"line":24,"column":15},"end":{"line":24,"column":49}}},"fnMap":{"0":{"name":"(anonymous_0)","decl":{"start":{"line":19,"column":46},"end":{"line":19,"column":47}},"loc":{"start":{"line":19,"column":56},"end":{"line":25,"column":2}}},"1":{"name":"(anonymous_1)","decl":{"start":{"line":22,"column":11},"end":{"line":22,"column":12}},"loc":{"start":{"line":22,"column":21},"end":{"line":22,"column":34}}},"2":{"name":"(anonymous_2)","decl":{"start":{"line":23,"column":14},"end":{"line":23,"column":15}},"loc":{"start":{"line":23,"column":27},"end":{"line":23,"column":43}}},"3":{"name":"(anonymous_3)","decl":{"start":{"line":24,"column":9},"end":{"line":24,"column":12}},"loc":{"start":{"line":24,"column":15},"end":{"line":24,"column":49}}}},"branchMap":{},"s":{"0":1,"1":1,"2":1,"3":0,"4":0,"5":0},"f":{"0":1,"1":0,"2":0,"3":0},"b":{}}
,"/Users/epacheco/Desktop/BloomKnights_Project/frontend/src/store/useFinanceStore.ts": {"path":"/Users/epacheco/Desktop/BloomKnights_Project/frontend/src/store/useFinanceStore.ts","statementMap":{"0":{"start":{"line":1,"column":0},"end":{"line":1,"column":33}},"1":{"start":{"line":2,"column":0},"end":{"line":2,"column":null}},"2":{"start":{"line":19,"column":0},"end":{"line":19,"column":46}},"3":{"start":{"line":40,"column":13},"end":{"line":107,"column":4}},"4":{"start":{"line":40,"column":67},"end":{"line":107,"column":2}},"5":{"start":{"line":49,"column":4},"end":{"line":49,"column":40}},"6":{"start":{"line":50,"column":4},"end":{"line":60,"column":5}},"7":{"start":{"line":51,"column":60},"end":{"line":56,"column":8}},"8":{"start":{"line":57,"column":6},"end":{"line":57,"column":75}},"9":{"start":{"line":59,"column":6},"end":{"line":59,"column":61}},"10":{"start":{"line":64,"column":4},"end":{"line":64,"column":53}},"11":{"start":{"line":64,"column":33},"end":{"line":64,"column":52}},"12":{"start":{"line":67,"column":15},"end":{"line":67,"column":38}},"13":{"start":{"line":68,"column":4},"end":{"line":68,"column":55}},"14":{"start":{"line":72,"column":20},"end":{"line":72,"column":46}},"15":{"start":{"line":76,"column":17},"end":{"line":76,"column":63}},"16":{"start":{"line":76,"column":41},"end":{"line":76,"column":62}},"17":{"start":{"line":77,"column":16},"end":{"line":77,"column":27}},"18":{"start":{"line":78,"column":4},"end":{"line":87,"column":5}},"19":{"start":{"line":79,"column":27},"end":{"line":81,"column":null}},"20":{"start":{"line":83,"column":6},"end":{"line":85,"column":8}},"21":{"start":{"line":84,"column":8},"end":{"line":84,"column":70}},"22":{"start":{"line":86,"column":6},"end":{"line":86,"column":54}},"23":{"start":{"line":89,"column":4},"end":{"line":89,"column":59}},"24":{"start":{"line":93,"column":20},"end":{"line":93,"column":51}},"25":{"start":{"line":94,"column":4},"end":{"line":94,"column":30}},"26":{"start":{"line":94,"column":18},"end":{"line":94,"column":30}},"27":{"start":{"line":95,"column":50},"end":{"line":95,"column":55}},"28":{"start":{"line":96,"column":4},"end":{"line":105,"column":6}},"29":{"start":{"line":103,"column":15},"end":{"line":103,"column":39}}},"fnMap":{"0":{"name":"(anonymous_0)","decl":{"start":{"line":40,"column":52},"end":{"line":40,"column":53}},"loc":{"start":{"line":40,"column":67},"end":{"line":107,"column":2}}},"1":{"name":"(anonymous_1)","decl":{"start":{"line":48,"column":11},"end":{"line":48,"column":16}},"loc":{"start":{"line":48,"column":28},"end":{"line":61,"column":3}}},"2":{"name":"(anonymous_2)","decl":{"start":{"line":63,"column":19},"end":{"line":63,"column":20}},"loc":{"start":{"line":64,"column":4},"end":{"line":64,"column":53}}},"3":{"name":"(anonymous_3)","decl":{"start":{"line":64,"column":26},"end":{"line":64,"column":27}},"loc":{"start":{"line":64,"column":33},"end":{"line":64,"column":52}}},"4":{"name":"(anonymous_4)","decl":{"start":{"line":66,"column":11},"end":{"line":66,"column":16}},"loc":{"start":{"line":66,"column":27},"end":{"line":69,"column":3}}},"5":{"name":"(anonymous_5)","decl":{"start":{"line":71,"column":14},"end":{"line":71,"column":19}},"loc":{"start":{"line":71,"column":30},"end":{"line":90,"column":3}}},"6":{"name":"(anonymous_6)","decl":{"start":{"line":76,"column":34},"end":{"line":76,"column":35}},"loc":{"start":{"line":76,"column":41},"end":{"line":76,"column":62}}},"7":{"name":"(anonymous_7)","decl":{"start":{"line":83,"column":24},"end":{"line":83,"column":25}},"loc":{"start":{"line":84,"column":8},"end":{"line":84,"column":70}}},"8":{"name":"(anonymous_8)","decl":{"start":{"line":92,"column":17},"end":{"line":92,"column":20}},"loc":{"start":{"line":92,"column":22},"end":{"line":106,"column":3}}},"9":{"name":"(anonymous_9)","decl":{"start":{"line":103,"column":8},"end":{"line":103,"column":9}},"loc":{"start":{"line":103,"column":15},"end":{"line":103,"column":39}}}},"branchMap":{"0":{"loc":{"start":{"line":78,"column":4},"end":{"line":87,"column":5}},"type":"if","locations":[{"start":{"line":78,"column":4},"end":{"line":87,"column":5}},{"start":{},"end":{}}]},"1":{"loc":{"start":{"line":84,"column":8},"end":{"line":84,"column":70}},"type":"cond-expr","locations":[{"start":{"line":84,"column":27},"end":{"line":84,"column":66}},{"start":{"line":84,"column":69},"end":{"line":84,"column":70}}]},"2":{"loc":{"start":{"line":94,"column":4},"end":{"line":94,"column":30}},"type":"if","locations":[{"start":{"line":94,"column":4},"end":{"line":94,"column":30}},{"start":{},"end":{}}]}},"s":{"0":1,"1":1,"2":1,"3":1,"4":1,"5":2,"6":2,"7":2,"8":1,"9":1,"10":1,"11":3,"12":1,"13":1,"14":2,"15":2,"16":2,"17":2,"18":2,"19":2,"20":2,"21":2,"22":2,"23":2,"24":2,"25":2,"26":1,"27":1,"28":1,"29":2},"f":{"0":1,"1":2,"2":1,"3":3,"4":1,"5":2,"6":2,"7":2,"8":2,"9":2},"b":{"0":[2,0],"1":[2,0],"2":[1,1]}}
}
