TN:
SF:src/lib/debt.ts
FN:14,effectiveApr
FN:19,remainingBalance
FN:23,isHighInterest
FN:44,projectPayoff
FN:72,payoffDateFromMonths
FN:82,payoffForDebt
FN:99,payoffSummary
FN:100,(anonymous_7)
FN:102,(anonymous_8)
FN:114,knightRank
FNF:10
FNH:10
FNDA:3,effectiveApr
FNDA:3,remainingBalance
FNDA:3,isHighInterest
FNDA:6,projectPayoff
FNDA:1,payoffDateFromMonths
FNDA:1,payoffForDebt
FNDA:3,payoffSummary
FNDA:3,(anonymous_7)
FNDA:3,(anonymous_8)
FNDA:5,knightRank
DA:11,1
DA:14,1
DA:15,3
DA:19,1
DA:20,3
DA:23,1
DA:27,3
DA:44,1
DA:50,6
DA:51,4
DA:53,3
DA:54,3
DA:55,3
DA:56,3
DA:58,3
DA:59,11
DA:60,11
DA:61,1
DA:63,10
DA:64,10
DA:65,10
DA:68,2
DA:72,1
DA:73,1
DA:74,1
DA:75,1
DA:82,1
DA:83,1
DA:99,1
DA:100,3
DA:101,3
DA:102,3
DA:105,3
DA:114,1
DA:115,5
DA:116,4
DA:117,3
DA:118,2
DA:119,1
LF:39
LH:39
BRDA:15,0,0,3
BRDA:15,0,1,2
BRDA:15,0,2,0
BRDA:25,1,0,2
BRDA:48,2,0,5
BRDA:50,3,0,2
BRDA:50,3,1,4
BRDA:51,4,0,1
BRDA:51,4,1,3
BRDA:58,5,0,13
BRDA:58,5,1,11
BRDA:60,6,0,1
BRDA:60,6,1,10
BRDA:60,7,0,11
BRDA:60,7,1,1
BRDA:72,8,0,0
BRDA:109,9,0,2
BRDA:109,9,1,1
BRDA:115,10,0,1
BRDA:115,10,1,4
BRDA:116,11,0,1
BRDA:116,11,1,3
BRDA:117,12,0,1
BRDA:117,12,1,2
BRDA:118,13,0,1
BRDA:118,13,1,1
BRF:26
BRH:24
end_of_record
TN:
SF:src/lib/firebase.ts
FNF:0
FNH:0
DA:1,0
DA:2,0
DA:3,0
DA:4,0
DA:17,0
DA:28,0
DA:29,0
DA:35,0
DA:37,0
DA:38,0
DA:39,0
LF:11
LH:0
BRDA:28,0,0,0
BRDA:28,0,1,0
BRDA:35,1,0,0
BRDA:35,1,1,0
BRF:4
BRH:0
end_of_record
TN:
SF:src/lib/firestore.ts
FN:30,(anonymous_0)
FN:38,fetchUserProfile
FN:56,upsertUserProfile
FN:73,fetchDebts
FN:76,(anonymous_4)
FN:79,addDebt
FN:84,updateDebtProgress
FN:93,fetchSavingsGoals
FN:96,(anonymous_8)
FN:109,addSavingsGoal
FN:121,fetchTransactions
FN:126,(anonymous_11)
FN:140,addTransaction
FN:157,paymentFromDoc
FN:173,fetchPayments
FN:180,(anonymous_15)
FN:183,addPayment
FNF:17
FNH:0
FNDA:0,(anonymous_0)
FNDA:0,fetchUserProfile
FNDA:0,upsertUserProfile
FNDA:0,fetchDebts
FNDA:0,(anonymous_4)
FNDA:0,addDebt
FNDA:0,updateDebtProgress
FNDA:0,fetchSavingsGoals
FNDA:0,(anonymous_8)
FNDA:0,addSavingsGoal
FNDA:0,fetchTransactions
FNDA:0,(anonymous_11)
FNDA:0,addTransaction
FNDA:0,paymentFromDoc
FNDA:0,fetchPayments
FNDA:0,(anonymous_15)
FNDA:0,addPayment
DA:1,0
DA:14,0
DA:30,0
DA:31,0
DA:32,0
DA:33,0
DA:38,0
DA:39,0
DA:40,0
DA:41,0
DA:42,0
DA:56,0
DA:57,0
DA:73,0
DA:74,0
DA:75,0
DA:76,0
DA:79,0
DA:80,0
DA:81,0
DA:84,0
DA:88,0
DA:93,0
DA:94,0
DA:95,0
DA:96,0
DA:97,0
DA:98,0
DA:109,0
DA:112,0
DA:116,0
DA:121,0
DA:124,0
DA:125,0
DA:126,0
DA:127,0
DA:128,0
DA:140,0
DA:143,0
DA:147,0
DA:158,0
DA:173,0
DA:174,0
DA:179,0
DA:180,0
DA:183,0
DA:184,0
DA:185,0
DA:195,0
LF:49
LH:0
BRDA:31,0,0,0
BRDA:31,0,1,0
BRDA:32,1,0,0
BRDA:32,1,1,0
BRDA:40,2,0,0
BRDA:40,2,1,0
BRDA:47,3,0,0
BRDA:47,3,1,0
BRDA:48,4,0,0
BRDA:48,4,1,0
BRDA:190,5,0,0
BRDA:190,5,1,0
BRDA:191,6,0,0
BRDA:191,6,1,0
BRF:14
BRH:0
end_of_record
TN:
SF:src/lib/format.ts
FN:1,(anonymous_0)
FN:8,(anonymous_1)
FN:11,(anonymous_2)
FN:17,(anonymous_3)
FN:28,(anonymous_4)
FNF:5
FNH:5
FNDA:4,(anonymous_0)
FNDA:2,(anonymous_1)
FNDA:3,(anonymous_2)
FNDA:2,(anonymous_3)
FNDA:4,(anonymous_4)
DA:1,1
DA:2,4
DA:8,2
DA:11,1
DA:12,3
DA:13,2
DA:17,1
DA:18,2
DA:19,2
DA:20,1
DA:28,1
DA:29,4
DA:30,3
DA:31,3
DA:32,3
DA:33,2
DA:34,1
LF:17
LH:17
BRDA:6,0,0,2
BRDA:6,0,1,2
BRDA:12,1,0,1
BRDA:12,1,1,2
BRDA:19,2,0,1
BRDA:19,2,1,1
BRDA:29,3,0,1
BRDA:29,3,1,3
BRDA:32,4,0,1
BRDA:32,4,1,2
BRDA:33,5,0,1
BRDA:33,5,1,1
BRF:12
BRH:12
end_of_record
TN:
SF:src/store/useAuthStore.ts
FN:19,(anonymous_0)
FN:22,(anonymous_1)
FN:23,(anonymous_2)
FN:24,(anonymous_3)
FNF:4
FNH:1
FNDA:1,(anonymous_0)
FNDA:0,(anonymous_1)
FNDA:0,(anonymous_2)
FNDA:0,(anonymous_3)
DA:1,1
DA:19,1
DA:22,0
DA:23,0
DA:24,0
LF:5
LH:2
BRF:0
BRH:0
end_of_record
TN:
SF:src/store/useFinanceStore.ts
FN:40,(anonymous_0)
FN:48,(anonymous_1)
FN:63,(anonymous_2)
FN:64,(anonymous_3)
FN:66,(anonymous_4)
FN:71,(anonymous_5)
FN:76,(anonymous_6)
FN:83,(anonymous_7)
FN:92,(anonymous_8)
FN:103,(anonymous_9)
FNF:10
FNH:10
FNDA:1,(anonymous_0)
FNDA:2,(anonymous_1)
FNDA:1,(anonymous_2)
FNDA:3,(anonymous_3)
FNDA:1,(anonymous_4)
FNDA:2,(anonymous_5)
FNDA:2,(anonymous_6)
FNDA:2,(anonymous_7)
FNDA:2,(anonymous_8)
FNDA:2,(anonymous_9)
DA:1,1
DA:2,1
DA:19,1
DA:40,1
DA:49,2
DA:50,2
DA:51,2
DA:57,1
DA:59,1
DA:64,3
DA:67,1
DA:68,1
DA:72,2
DA:76,2
DA:77,2
DA:78,2
DA:79,2
DA:83,2
DA:84,2
DA:86,2
DA:89,2
DA:93,2
DA:94,2
DA:95,1
DA:96,1
DA:103,2
LF:26
LH:26
BRDA:78,0,0,2
BRDA:78,0,1,0
BRDA:84,1,0,2
BRDA:84,1,1,0
BRDA:94,2,0,1
BRDA:94,2,1,1
BRF:6
BRH:4
end_of_record
